生成启动时间为 2017/5/16 星期二 16:49:42。
     1>项目“d:\documents\visual studio 2010\Projects\TaskAssign2\TaskAssign2\TaskAssign2.vcxproj”在节点 2 上(build 个目标)。
     1>InitializeBuildStatus:
         正在创建“Debug\TaskAssign2.unsuccessfulbuild”，因为已指定“AlwaysCreate”。
       ClCompile:
         D:\Program Files (x86)\Microsoft Visual Studio 10.0\VC\bin\CL.exe /c /ZI /nologo /W3 /WX- /Od /Oy- /D _MBCS /Gm /EHsc /RTC1 /MDd /GS /fp:precise /Zc:wchar_t /Zc:forScope /Fo"Debug\\" /Fd"Debug\vc100.pdb" /Gd /TP /analyze- /errorReport:prompt test.cpp
         test.cpp
     1>d:\documents\visual studio 2010\projects\taskassign2\taskassign2\test.cpp(53): warning C4091: “typedef ”: 没有声明变量时忽略“Bus”的左侧
     1>d:\documents\visual studio 2010\projects\taskassign2\taskassign2\test.cpp(67): warning C4996: 'fscanf': This function or variable may be unsafe. Consider using fscanf_s instead. To disable deprecation, use _CRT_SECURE_NO_WARNINGS. See online help for details.
                 d:\program files (x86)\microsoft visual studio 10.0\vc\include\stdio.h(253) : 参见“fscanf”的声明
     1>d:\documents\visual studio 2010\projects\taskassign2\taskassign2\test.cpp(70): warning C4996: 'fscanf': This function or variable may be unsafe. Consider using fscanf_s instead. To disable deprecation, use _CRT_SECURE_NO_WARNINGS. See online help for details.
                 d:\program files (x86)\microsoft visual studio 10.0\vc\include\stdio.h(253) : 参见“fscanf”的声明
     1>d:\documents\visual studio 2010\projects\taskassign2\taskassign2\test.cpp(83): warning C4996: 'fscanf': This function or variable may be unsafe. Consider using fscanf_s instead. To disable deprecation, use _CRT_SECURE_NO_WARNINGS. See online help for details.
                 d:\program files (x86)\microsoft visual studio 10.0\vc\include\stdio.h(253) : 参见“fscanf”的声明
     1>d:\documents\visual studio 2010\projects\taskassign2\taskassign2\test.cpp(553): warning C4996: 'fopen': This function or variable may be unsafe. Consider using fopen_s instead. To disable deprecation, use _CRT_SECURE_NO_WARNINGS. See online help for details.
                 d:\program files (x86)\microsoft visual studio 10.0\vc\include\stdio.h(234) : 参见“fopen”的声明
     1>d:\documents\visual studio 2010\projects\taskassign2\taskassign2\test.cpp(559): warning C4996: 'fscanf': This function or variable may be unsafe. Consider using fscanf_s instead. To disable deprecation, use _CRT_SECURE_NO_WARNINGS. See online help for details.
                 d:\program files (x86)\microsoft visual studio 10.0\vc\include\stdio.h(253) : 参见“fscanf”的声明
     1>d:\documents\visual studio 2010\projects\taskassign2\taskassign2\test.cpp(580): warning C4996: 'fscanf': This function or variable may be unsafe. Consider using fscanf_s instead. To disable deprecation, use _CRT_SECURE_NO_WARNINGS. See online help for details.
                 d:\program files (x86)\microsoft visual studio 10.0\vc\include\stdio.h(253) : 参见“fscanf”的声明
     1>d:\documents\visual studio 2010\projects\taskassign2\taskassign2\test.cpp(607): warning C4996: 'fscanf': This function or variable may be unsafe. Consider using fscanf_s instead. To disable deprecation, use _CRT_SECURE_NO_WARNINGS. See online help for details.
                 d:\program files (x86)\microsoft visual studio 10.0\vc\include\stdio.h(253) : 参见“fscanf”的声明
     1>d:\documents\visual studio 2010\projects\taskassign2\taskassign2\test.cpp(792): warning C4996: 'fopen': This function or variable may be unsafe. Consider using fopen_s instead. To disable deprecation, use _CRT_SECURE_NO_WARNINGS. See online help for details.
                 d:\program files (x86)\microsoft visual studio 10.0\vc\include\stdio.h(234) : 参见“fopen”的声明
     1>d:\documents\visual studio 2010\projects\taskassign2\taskassign2\test.cpp(684): warning C4715: “CreateRandom”: 不是所有的控件路径都返回值
       Link:
         D:\Program Files (x86)\Microsoft Visual Studio 10.0\VC\bin\link.exe /ERRORREPORT:PROMPT /OUT:"d:\documents\visual studio 2010\Projects\TaskAssign2\Debug\TaskAssign2.exe" /NOLOGO opencv_ml249d.lib opencv_calib3d249d.lib opencv_contrib249d.lib opencv_core249d.lib opencv_features2d249d.lib opencv_flann249d.lib opencv_gpu249d.lib opencv_highgui249d.lib opencv_imgproc249d.lib opencv_legacy249d.lib opencv_objdetect249d.lib opencv_ts249d.lib opencv_video249d.lib opencv_nonfree249d.lib opencv_ocl249d.lib opencv_photo249d.lib opencv_stitching249d.lib opencv_superres249d.lib opencv_videostab249d.lib opencv_objdetect249.lib opencv_ts249.lib opencv_video249.lib opencv_nonfree249.lib opencv_ocl249.lib opencv_photo249.lib opencv_stitching249.lib opencv_superres249.lib opencv_videostab249.lib opencv_calib3d249.lib opencv_contrib249.lib opencv_core249.lib opencv_features2d249.lib opencv_flann249.lib opencv_gpu249.lib opencv_highgui249.lib opencv_imgproc249.lib opencv_legacy249.lib opencv_ml249.lib kernel32.lib user32.lib gdi32.lib winspool.lib comdlg32.lib advapi32.lib shell32.lib ole32.lib oleaut32.lib uuid.lib odbc32.lib odbccp32.lib /MANIFEST /ManifestFile:"Debug\TaskAssign2.exe.intermediate.manifest" /MANIFESTUAC:"level='asInvoker' uiAccess='false'" /DEBUG /PDB:"d:\documents\visual studio 2010\Projects\TaskAssign2\Debug\TaskAssign2.pdb" /TLBID:1 /DYNAMICBASE /NXCOMPAT /IMPLIB:"d:\documents\visual studio 2010\Projects\TaskAssign2\Debug\TaskAssign2.lib" /MACHINE:X86 Debug\test.obj
         LINK : 没有找到 d:\documents\visual studio 2010\Projects\TaskAssign2\Debug\TaskAssign2.exe 或上一个增量链接没有生成它；正在执行完全链接
         TaskAssign2.vcxproj -> d:\documents\visual studio 2010\Projects\TaskAssign2\Debug\TaskAssign2.exe
       Manifest:
         C:\Program Files (x86)\Microsoft SDKs\Windows\v7.0A\bin\mt.exe /nologo /verbose /outputresource:"d:\documents\visual studio 2010\Projects\TaskAssign2\Debug\TaskAssign2.exe;#1" /manifest Debug\TaskAssign2.exe.intermediate.manifest
       FinalizeBuildStatus:
         正在删除文件“Debug\TaskAssign2.unsuccessfulbuild”。
         正在对“Debug\TaskAssign2.lastbuildstate”执行 Touch 任务。
     1>已完成生成项目“d:\documents\visual studio 2010\Projects\TaskAssign2\TaskAssign2\TaskAssign2.vcxproj”(build 个目标)的操作。

生成成功。

已用时间 00:00:00.43
